# JRE version: OpenJDK Runtime Environment (17.0.11) (build 17.0.11+0--11852314)
# Java VM: OpenJDK 64-Bit Server VM (17.0.11+0--11852314, mixed mode, tiered, compressed oops, compressed class ptrs, g1 gc, windows-amd64)
GC Precious Log:
 CPUs: 12 total, 12 available
 Memory: 7598M
 Large Page Support: Disabled
 NUMA Support: Disabled
 Compressed Oops: Enabled (32-bit)
 Heap Region Size: 1M
 Heap Min Capacity: 8M
 Heap Initial Capacity: 120M
 Heap Max Capacity: 2G
 Pre-touch: Disabled
 Parallel Workers: 10
 Concurrent Workers: 3
 Concurrent Refinement Workers: 10
 Periodic GC: Disabled
Heap:
 garbage-first heap   total 345088K, used 138021K [0x0000000080000000, 0x0000000100000000)
  region size 1024K, 1 young (1024K), 1 survivors (1024K)
 Metaspace       used 165391K, committed 167744K, reserved 1245184K
  class space    used 22099K, committed 23296K, reserved 1048576K
GC Heap History (20 events):
Event: 8307.279 GC heap after
{Heap after GC invocations=136 (full 2):
 garbage-first heap   total 345088K, used 111589K [0x0000000080000000, 0x0000000100000000)
  region size 1024K, 2 young (2048K), 2 survivors (2048K)
 Metaspace       used 164772K, committed 167360K, reserved 1245184K
  class space    used 22090K, committed 23296K, reserved 1048576K
}
Event: 8427.356 GC heap before
{Heap before GC invocations=136 (full 2):
 garbage-first heap   total 345088K, used 279525K [0x0000000080000000, 0x0000000100000000)
  region size 1024K, 167 young (171008K), 2 survivors (2048K)
 Metaspace       used 164918K, committed 167360K, reserved 1245184K
  class space    used 22091K, committed 23296K, reserved 1048576K
}
Event: 8427.413 GC heap after
{Heap after GC invocations=137 (full 2):
 garbage-first heap   total 345088K, used 129133K [0x0000000080000000, 0x0000000100000000)
  region size 1024K, 20 young (20480K), 20 survivors (20480K)
 Metaspace       used 164918K, committed 167360K, reserved 1245184K
  class space    used 22091K, committed 23296K, reserved 1048576K
}
Event: 8935.302 GC heap before
{Heap before GC invocations=138 (full 2):
 garbage-first heap   total 345088K, used 290925K [0x0000000080000000, 0x0000000100000000)
  region size 1024K, 163 young (166912K), 20 survivors (20480K)
 Metaspace       used 165033K, committed 167424K, reserved 1245184K
  class space    used 22092K, committed 23296K, reserved 1048576K
}
Event: 8935.387 GC heap after
{Heap after GC invocations=139 (full 2):
 garbage-first heap   total 345088K, used 139390K [0x0000000080000000, 0x0000000100000000)
  region size 1024K, 12 young (12288K), 12 survivors (12288K)
 Metaspace       used 165033K, committed 167424K, reserved 1245184K
  class space    used 22092K, committed 23296K, reserved 1048576K
}
Event: 8935.439 GC heap before
{Heap before GC invocations=139 (full 2):
 garbage-first heap   total 345088K, used 142462K [0x0000000080000000, 0x0000000100000000)
  region size 1024K, 16 young (16384K), 12 survivors (12288K)
 Metaspace       used 165039K, committed 167424K, reserved 1245184K
  class space    used 22092K, committed 23296K, reserved 1048576K
}
Event: 8935.450 GC heap after
{Heap after GC invocations=140 (full 2):
 garbage-first heap   total 345088K, used 138541K [0x0000000080000000, 0x0000000100000000)
  region size 1024K, 2 young (2048K), 2 survivors (2048K)
 Metaspace       used 165039K, committed 167424K, reserved 1245184K
  class space    used 22092K, committed 23296K, reserved 1048576K
}
Event: 8935.789 GC heap before
{Heap before GC invocations=140 (full 2):
 garbage-first heap   total 345088K, used 196909K [0x0000000080000000, 0x0000000100000000)
  region size 1024K, 61 young (62464K), 2 survivors (2048K)
 Metaspace       used 165133K, committed 167424K, reserved 1245184K
  class space    used 22096K, committed 23296K, reserved 1048576K
}
Event: 8935.795 GC heap after
{Heap after GC invocations=141 (full 2):
 garbage-first heap   total 345088K, used 137270K [0x0000000080000000, 0x0000000100000000)
  region size 1024K, 1 young (1024K), 1 survivors (1024K)
 Metaspace       used 165133K, committed 167424K, reserved 1245184K
  class space    used 22096K, committed 23296K, reserved 1048576K
}
Event: 9233.554 GC heap before
{Heap before GC invocations=142 (full 2):
 garbage-first heap   total 345088K, used 290870K [0x0000000080000000, 0x0000000100000000)
  region size 1024K, 141 young (144384K), 1 survivors (1024K)
 Metaspace       used 165228K, committed 167488K, reserved 1245184K
  class space    used 22098K, committed 23296K, reserved 1048576K
}
Event: 9233.584 GC heap after
{Heap after GC invocations=143 (full 2):
 garbage-first heap   total 345088K, used 135383K [0x0000000080000000, 0x0000000100000000)
  region size 1024K, 4 young (4096K), 4 survivors (4096K)
 Metaspace       used 165228K, committed 167488K, reserved 1245184K
  class space    used 22098K, committed 23296K, reserved 1048576K
}
Event: 9233.847 GC heap before
{Heap before GC invocations=143 (full 2):
 garbage-first heap   total 345088K, used 147671K [0x0000000080000000, 0x0000000100000000)
  region size 1024K, 16 young (16384K), 4 survivors (4096K)
 Metaspace       used 165249K, committed 167552K, reserved 1245184K
  class space    used 22099K, committed 23296K, reserved 1048576K
}
Event: 9233.872 GC heap after
{Heap after GC invocations=144 (full 2):
 garbage-first heap   total 345088K, used 129959K [0x0000000080000000, 0x0000000100000000)
  region size 1024K, 2 young (2048K), 2 survivors (2048K)
 Metaspace       used 165249K, committed 167552K, reserved 1245184K
  class space    used 22099K, committed 23296K, reserved 1048576K
}
Event: 9238.736 GC heap before
{Heap before GC invocations=144 (full 2):
 garbage-first heap   total 345088K, used 231335K [0x0000000080000000, 0x0000000100000000)
  region size 1024K, 103 young (105472K), 2 survivors (2048K)
 Metaspace       used 165314K, committed 167616K, reserved 1245184K
  class space    used 22099K, committed 23296K, reserved 1048576K
}
Event: 9238.762 GC heap after
{Heap after GC invocations=145 (full 2):
 garbage-first heap   total 345088K, used 135615K [0x0000000080000000, 0x0000000100000000)
  region size 1024K, 8 young (8192K), 8 survivors (8192K)
 Metaspace       used 165314K, committed 167616K, reserved 1245184K
  class space    used 22099K, committed 23296K, reserved 1048576K
}
Event: 9421.214 GC heap before
{Heap before GC invocations=146 (full 2):
 garbage-first heap   total 345088K, used 291263K [0x0000000080000000, 0x0000000100000000)
  region size 1024K, 146 young (149504K), 8 survivors (8192K)
 Metaspace       used 165373K, committed 167680K, reserved 1245184K
  class space    used 22099K, committed 23296K, reserved 1048576K
}
Event: 9421.316 GC heap after
{Heap after GC invocations=147 (full 2):
 garbage-first heap   total 345088K, used 146379K [0x0000000080000000, 0x0000000100000000)
  region size 1024K, 19 young (19456K), 19 survivors (19456K)
 Metaspace       used 165373K, committed 167680K, reserved 1245184K
  class space    used 22099K, committed 23296K, reserved 1048576K
}
Event: 9421.328 GC heap before
{Heap before GC invocations=147 (full 2):
 garbage-first heap   total 345088K, used 147403K [0x0000000080000000, 0x0000000100000000)
  region size 1024K, 20 young (20480K), 19 survivors (19456K)
 Metaspace       used 165373K, committed 167680K, reserved 1245184K
  class space    used 22099K, committed 23296K, reserved 1048576K
}
Event: 9421.422 GC heap after
{Heap after GC invocations=148 (full 2):
 garbage-first heap   total 345088K, used 138964K [0x0000000080000000, 0x0000000100000000)
  region size 1024K, 2 young (2048K), 2 survivors (2048K)
 Metaspace       used 165373K, committed 167680K, reserved 1245184K
  class space    used 22099K, committed 23296K, reserved 1048576K
}
Event: 9421.601 GC heap before
{Heap before GC invocations=148 (full 2):
 garbage-first heap   total 345088K, used 165588K [0x0000000080000000, 0x0000000100000000)
  region size 1024K, 30 young (30720K), 2 survivors (2048K)
 Metaspace       used 165391K, committed 167744K, reserved 1245184K
  class space    used 22099K, committed 23296K, reserved 1048576K
}

